c:\users\user\desktop\api\스터디\0908\0907_계좌관리프로그램\0907_계좌관리프로그램\debug\vc142.pdb
c:\users\user\desktop\api\스터디\0908\0907_계좌관리프로그램\0907_계좌관리프로그램\debug\vc142.idb
c:\users\user\desktop\api\스터디\0908\0907_계좌관리프로그램\0907_계좌관리프로그램\debug\start.obj
c:\users\user\desktop\api\스터디\0908\0907_계좌관리프로그램\0907_계좌관리프로그램\debug\newaccountdlg.obj
c:\users\user\desktop\api\스터디\0908\0907_계좌관리프로그램\0907_계좌관리프로그램\debug\mainui.obj
c:\users\user\desktop\api\스터디\0908\0907_계좌관리프로그램\0907_계좌관리프로그램\debug\inputaccountdlg.obj
c:\users\user\desktop\api\스터디\0908\0907_계좌관리프로그램\0907_계좌관리프로그램\debug\handler.obj
c:\users\user\desktop\api\스터디\0908\0907_계좌관리프로그램\0907_계좌관리프로그램\debug\control.obj
c:\users\user\desktop\api\스터디\0908\0907_계좌관리프로그램\0907_계좌관리프로그램\debug\0907_계좌관리프로그램.ilk
c:\users\user\desktop\api\스터디\0908\0907_계좌관리프로그램\0907_계좌관리프로그램\debug\0907_계좌관리프로그램.exe
c:\users\user\desktop\api\스터디\0908\0907_계좌관리프로그램\0907_계좌관리프로그램\debug\0907_계좌관리프로그램.pdb
c:\users\user\desktop\api\스터디\0908\0907_계좌관리프로그램\0907_계좌관리프로그램\debug\0907_계좌관리프로그램.res
c:\users\user\desktop\api\스터디\0908\0907_계좌관리프로그램\0907_계좌관리프로그램\debug\0907_계좌관리프로그램.tlog\cl.command.1.tlog
c:\users\user\desktop\api\스터디\0908\0907_계좌관리프로그램\0907_계좌관리프로그램\debug\0907_계좌관리프로그램.tlog\cl.read.1.tlog
c:\users\user\desktop\api\스터디\0908\0907_계좌관리프로그램\0907_계좌관리프로그램\debug\0907_계좌관리프로그램.tlog\cl.write.1.tlog
c:\users\user\desktop\api\스터디\0908\0907_계좌관리프로그램\0907_계좌관리프로그램\debug\0907_계좌관리프로그램.tlog\link.command.1.tlog
c:\users\user\desktop\api\스터디\0908\0907_계좌관리프로그램\0907_계좌관리프로그램\debug\0907_계좌관리프로그램.tlog\link.read.1.tlog
c:\users\user\desktop\api\스터디\0908\0907_계좌관리프로그램\0907_계좌관리프로그램\debug\0907_계좌관리프로그램.tlog\link.write.1.tlog
c:\users\user\desktop\api\스터디\0908\0907_계좌관리프로그램\0907_계좌관리프로그램\debug\0907_계좌관리프로그램.tlog\rc.command.1.tlog
c:\users\user\desktop\api\스터디\0908\0907_계좌관리프로그램\0907_계좌관리프로그램\debug\0907_계좌관리프로그램.tlog\rc.read.1.tlog
c:\users\user\desktop\api\스터디\0908\0907_계좌관리프로그램\0907_계좌관리프로그램\debug\0907_계좌관리프로그램.tlog\rc.write.1.tlog
