d:\비트 고급\7일차 api 0907\실기\debug\vc142.pdb
d:\비트 고급\7일차 api 0907\실기\debug\vc142.idb
d:\비트 고급\7일차 api 0907\실기\debug\start.obj
d:\비트 고급\7일차 api 0907\실기\debug\handler.obj
d:\비트 고급\7일차 api 0907\실기\debug\control.obj
d:\비트 고급\7일차 api 0907\실기\debug\accountui.obj
d:\비트 고급\7일차 api 0907\실기\debug\signup.obj
d:\비트 고급\7일차 api 0907\실기\debug\실기.exe
d:\비트 고급\7일차 api 0907\실기\debug\실기.ilk
d:\비트 고급\7일차 api 0907\실기\debug\실기.pdb
d:\비트 고급\7일차 api 0907\실기\debug\실기.res
d:\비트 고급\7일차 api 0907\실기\debug\실기.tlog\cl.command.1.tlog
d:\비트 고급\7일차 api 0907\실기\debug\실기.tlog\cl.read.1.tlog
d:\비트 고급\7일차 api 0907\실기\debug\실기.tlog\cl.write.1.tlog
d:\비트 고급\7일차 api 0907\실기\debug\실기.tlog\link.command.1.tlog
d:\비트 고급\7일차 api 0907\실기\debug\실기.tlog\link.read.1.tlog
d:\비트 고급\7일차 api 0907\실기\debug\실기.tlog\link.write.1.tlog
d:\비트 고급\7일차 api 0907\실기\debug\실기.tlog\rc.command.1.tlog
d:\비트 고급\7일차 api 0907\실기\debug\실기.tlog\rc.read.1.tlog
d:\비트 고급\7일차 api 0907\실기\debug\실기.tlog\rc.write.1.tlog
